2023-08-11 19:37:44.184 [restartedMain] INFO  c.c.creditcard.CreditcardApplication - Starting CreditcardApplication using Java 17.0.7 with PID 7224 (C:\Users\Administrator\IdeaProjects\Creditcard\target\classes started by Administrator in C:\Users\Administrator\IdeaProjects\Creditcard)
2023-08-11 19:37:44.186 [restartedMain] DEBUG c.c.creditcard.CreditcardApplication - Running with Spring Boot v3.1.2, Spring v6.0.11
2023-08-11 19:37:44.189 [restartedMain] INFO  c.c.creditcard.CreditcardApplication - No active profile set, falling back to 1 default profile: "default"
2023-08-11 19:37:44.603 [restartedMain] INFO  o.s.b.d.e.DevToolsPropertyDefaultsPostProcessor - Devtools property defaults active! Set 'spring.devtools.add-properties' to 'false' to disable
2023-08-11 19:37:44.606 [restartedMain] INFO  o.s.b.d.e.DevToolsPropertyDefaultsPostProcessor - For additional web related logging consider setting the 'logging.level.web' property to 'DEBUG'
2023-08-11 19:37:46.710 [restartedMain] INFO  o.s.d.r.c.RepositoryConfigurationDelegate - Bootstrapping Spring Data MongoDB repositories in DEFAULT mode.
2023-08-11 19:37:46.827 [restartedMain] INFO  o.s.d.r.c.RepositoryConfigurationDelegate - Finished Spring Data repository scanning in 108 ms. Found 1 MongoDB repository interfaces.
2023-08-11 19:37:48.049 [restartedMain] INFO  o.s.b.w.e.tomcat.TomcatWebServer - Tomcat initialized with port(s): 8080 (http)
2023-08-11 19:37:48.064 [restartedMain] INFO  o.a.coyote.http11.Http11NioProtocol - Initializing ProtocolHandler ["http-nio-8080"]
2023-08-11 19:37:48.065 [restartedMain] INFO  o.a.catalina.core.StandardService - Starting service [Tomcat]
2023-08-11 19:37:48.069 [restartedMain] INFO  o.a.catalina.core.StandardEngine - Starting Servlet engine: [Apache Tomcat/10.1.11]
2023-08-11 19:37:48.213 [restartedMain] INFO  o.a.c.c.C.[Tomcat].[localhost].[/] - Initializing Spring embedded WebApplicationContext
2023-08-11 19:37:48.219 [restartedMain] INFO  o.s.b.w.s.c.ServletWebServerApplicationContext - Root WebApplicationContext: initialization completed in 3607 ms
2023-08-11 19:37:48.647 [restartedMain] INFO  org.mongodb.driver.client - MongoClient with metadata {"driver": {"name": "mongo-java-driver|sync|spring-boot", "version": "4.9.1"}, "os": {"type": "Windows", "name": "Windows Server 2019", "architecture": "amd64", "version": "10.0"}, "platform": "Java/Oracle Corporation/17.0.7+8-LTS-224"} created with settings MongoClientSettings{readPreference=primary, writeConcern=WriteConcern{w=null, wTimeout=null ms, journal=null}, retryWrites=true, retryReads=true, readConcern=ReadConcern{level=null}, credential=MongoCredential{mechanism=null, userName='pratyush_motha', source='admin', password=<hidden>, mechanismProperties=<hidden>}, streamFactoryFactory=null, commandListeners=[], codecRegistry=ProvidersCodecRegistry{codecProviders=[ValueCodecProvider{}, BsonValueCodecProvider{}, DBRefCodecProvider{}, DBObjectCodecProvider{}, DocumentCodecProvider{}, CollectionCodecProvider{}, IterableCodecProvider{}, MapCodecProvider{}, GeoJsonCodecProvider{}, GridFSFileCodecProvider{}, Jsr310CodecProvider{}, JsonObjectCodecProvider{}, BsonCodecProvider{}, EnumCodecProvider{}, com.mongodb.client.model.mql.ExpressionCodecProvider@20b9028, com.mongodb.Jep395RecordCodecProvider@775752ec]}, loggerSettings=LoggerSettings{maxDocumentLength=1000}, clusterSettings={hosts=[127.0.0.1:27017], srvHost=cluster0.irga57n.mongodb.net, srvServiceName=mongodb, mode=MULTIPLE, requiredClusterType=REPLICA_SET, requiredReplicaSetName='atlas-8y1bff-shard-0', serverSelector='null', clusterListeners='[]', serverSelectionTimeout='30000 ms', localThreshold='30000 ms'}, socketSettings=SocketSettings{connectTimeoutMS=10000, readTimeoutMS=0, receiveBufferSize=0, sendBufferSize=0}, heartbeatSocketSettings=SocketSettings{connectTimeoutMS=10000, readTimeoutMS=10000, receiveBufferSize=0, sendBufferSize=0}, connectionPoolSettings=ConnectionPoolSettings{maxSize=100, minSize=0, maxWaitTimeMS=120000, maxConnectionLifeTimeMS=0, maxConnectionIdleTimeMS=0, maintenanceInitialDelayMS=0, maintenanceFrequencyMS=60000, connectionPoolListeners=[], maxConnecting=2}, serverSettings=ServerSettings{heartbeatFrequencyMS=10000, minHeartbeatFrequencyMS=500, serverListeners='[]', serverMonitorListeners='[]'}, sslSettings=SslSettings{enabled=true, invalidHostNameAllowed=false, context=null}, applicationName='null', compressorList=[], uuidRepresentation=JAVA_LEGACY, serverApi=null, autoEncryptionSettings=null, contextProvider=null}
2023-08-11 19:37:48.705 [cluster-ClusterId{value='64d68e0cbc476f4e00fb3a04', description='null'}-srv-cluster0.irga57n.mongodb.net] INFO  org.mongodb.driver.cluster - Adding discovered server ac-dr6gfor-shard-00-00.irga57n.mongodb.net:27017 to client view of cluster
2023-08-11 19:37:48.743 [cluster-ClusterId{value='64d68e0cbc476f4e00fb3a04', description='null'}-srv-cluster0.irga57n.mongodb.net] INFO  org.mongodb.driver.cluster - Adding discovered server ac-dr6gfor-shard-00-01.irga57n.mongodb.net:27017 to client view of cluster
2023-08-11 19:37:48.746 [cluster-ClusterId{value='64d68e0cbc476f4e00fb3a04', description='null'}-srv-cluster0.irga57n.mongodb.net] INFO  org.mongodb.driver.cluster - Adding discovered server ac-dr6gfor-shard-00-02.irga57n.mongodb.net:27017 to client view of cluster
2023-08-11 19:37:49.480 [restartedMain] INFO  o.s.b.d.a.OptionalLiveReloadServer - LiveReload server is running on port 35729
2023-08-11 19:37:50.708 [cluster-ClusterId{value='64d68e0cbc476f4e00fb3a04', description='null'}-ac-dr6gfor-shard-00-01.irga57n.mongodb.net:27017] INFO  org.mongodb.driver.cluster - Monitor thread successfully connected to server with description ServerDescription{address=ac-dr6gfor-shard-00-01.irga57n.mongodb.net:27017, type=REPLICA_SET_PRIMARY, state=CONNECTED, ok=true, minWireVersion=0, maxWireVersion=17, maxDocumentSize=16777216, logicalSessionTimeoutMinutes=30, roundTripTimeNanos=858270200, setName='atlas-8y1bff-shard-0', canonicalAddress=ac-dr6gfor-shard-00-01.irga57n.mongodb.net:27017, hosts=[ac-dr6gfor-shard-00-00.irga57n.mongodb.net:27017, ac-dr6gfor-shard-00-01.irga57n.mongodb.net:27017, ac-dr6gfor-shard-00-02.irga57n.mongodb.net:27017], passives=[], arbiters=[], primary='ac-dr6gfor-shard-00-01.irga57n.mongodb.net:27017', tagSet=TagSet{[Tag{name='nodeType', value='ELECTABLE'}, Tag{name='provider', value='AWS'}, Tag{name='region', value='US_EAST_1'}, Tag{name='workloadType', value='OPERATIONAL'}]}, electionId=7fffffff00000000000000b3, setVersion=7, topologyVersion=TopologyVersion{processId=64d65814fafee274e51c4bcf, counter=6}, lastWriteDate=Fri Aug 11 19:37:50 UTC 2023, lastUpdateTimeNanos=15984240564400}
2023-08-11 19:37:50.711 [cluster-ClusterId{value='64d68e0cbc476f4e00fb3a04', description='null'}-ac-dr6gfor-shard-00-00.irga57n.mongodb.net:27017] INFO  org.mongodb.driver.cluster - Monitor thread successfully connected to server with description ServerDescription{address=ac-dr6gfor-shard-00-00.irga57n.mongodb.net:27017, type=REPLICA_SET_SECONDARY, state=CONNECTED, ok=true, minWireVersion=0, maxWireVersion=17, maxDocumentSize=16777216, logicalSessionTimeoutMinutes=30, roundTripTimeNanos=873086800, setName='atlas-8y1bff-shard-0', canonicalAddress=ac-dr6gfor-shard-00-00.irga57n.mongodb.net:27017, hosts=[ac-dr6gfor-shard-00-00.irga57n.mongodb.net:27017, ac-dr6gfor-shard-00-01.irga57n.mongodb.net:27017, ac-dr6gfor-shard-00-02.irga57n.mongodb.net:27017], passives=[], arbiters=[], primary='ac-dr6gfor-shard-00-01.irga57n.mongodb.net:27017', tagSet=TagSet{[Tag{name='nodeType', value='ELECTABLE'}, Tag{name='provider', value='AWS'}, Tag{name='region', value='US_EAST_1'}, Tag{name='workloadType', value='OPERATIONAL'}]}, electionId=null, setVersion=7, topologyVersion=TopologyVersion{processId=64d657048add50a13cb521a4, counter=4}, lastWriteDate=Fri Aug 11 19:37:50 UTC 2023, lastUpdateTimeNanos=15984247389800}
2023-08-11 19:37:50.725 [cluster-ClusterId{value='64d68e0cbc476f4e00fb3a04', description='null'}-ac-dr6gfor-shard-00-02.irga57n.mongodb.net:27017] INFO  org.mongodb.driver.cluster - Monitor thread successfully connected to server with description ServerDescription{address=ac-dr6gfor-shard-00-02.irga57n.mongodb.net:27017, type=REPLICA_SET_SECONDARY, state=CONNECTED, ok=true, minWireVersion=0, maxWireVersion=17, maxDocumentSize=16777216, logicalSessionTimeoutMinutes=30, roundTripTimeNanos=872913900, setName='atlas-8y1bff-shard-0', canonicalAddress=ac-dr6gfor-shard-00-02.irga57n.mongodb.net:27017, hosts=[ac-dr6gfor-shard-00-00.irga57n.mongodb.net:27017, ac-dr6gfor-shard-00-01.irga57n.mongodb.net:27017, ac-dr6gfor-shard-00-02.irga57n.mongodb.net:27017], passives=[], arbiters=[], primary='ac-dr6gfor-shard-00-01.irga57n.mongodb.net:27017', tagSet=TagSet{[Tag{name='nodeType', value='ELECTABLE'}, Tag{name='provider', value='AWS'}, Tag{name='region', value='US_EAST_1'}, Tag{name='workloadType', value='OPERATIONAL'}]}, electionId=null, setVersion=7, topologyVersion=TopologyVersion{processId=64d6593033f92e3ef153d18c, counter=3}, lastWriteDate=Fri Aug 11 19:37:50 UTC 2023, lastUpdateTimeNanos=15984260979800}
2023-08-11 19:37:50.727 [cluster-ClusterId{value='64d68e0cbc476f4e00fb3a04', description='null'}-ac-dr6gfor-shard-00-01.irga57n.mongodb.net:27017] INFO  org.mongodb.driver.cluster - Discovered replica set primary ac-dr6gfor-shard-00-01.irga57n.mongodb.net:27017 with max election id 7fffffff00000000000000b3 and max set version 7
2023-08-11 19:37:53.151 [restartedMain] INFO  o.a.coyote.http11.Http11NioProtocol - Starting ProtocolHandler ["http-nio-8080"]
2023-08-11 19:37:53.188 [restartedMain] INFO  o.s.b.w.e.tomcat.TomcatWebServer - Tomcat started on port(s): 8080 (http) with context path ''
2023-08-11 19:37:53.227 [restartedMain] INFO  c.c.creditcard.CreditcardApplication - Started CreditcardApplication in 9.915 seconds (process running for 11.185)
2023-08-11 19:38:02.255 [http-nio-8080-exec-1] INFO  o.a.c.c.C.[Tomcat].[localhost].[/] - Initializing Spring DispatcherServlet 'dispatcherServlet'
2023-08-11 19:38:02.257 [http-nio-8080-exec-1] INFO  o.s.web.servlet.DispatcherServlet - Initializing Servlet 'dispatcherServlet'
2023-08-11 19:38:02.259 [http-nio-8080-exec-1] INFO  o.s.web.servlet.DispatcherServlet - Completed initialization in 2 ms
2023-08-11 19:38:02.335 [http-nio-8080-exec-1] INFO  c.c.c.c.TransactionController - Request received for all distinct cities.
2023-08-11 19:38:05.072 [http-nio-8080-exec-1] INFO  c.c.c.c.TransactionController - Found 727 distinct cities.
2023-08-11 19:38:13.911 [http-nio-8080-exec-2] INFO  c.c.c.c.TransactionController - Request received for all distinct states.
2023-08-11 19:38:14.812 [http-nio-8080-exec-2] INFO  c.c.c.c.TransactionController - Found 50 distinct states.
2023-08-11 19:38:19.516 [http-nio-8080-exec-3] INFO  c.c.c.c.TransactionController - Request received for all distinct states.
2023-08-11 19:38:20.413 [http-nio-8080-exec-3] INFO  c.c.c.c.TransactionController - Found 50 distinct states.
2023-08-11 19:38:22.594 [http-nio-8080-exec-4] INFO  c.c.c.c.TransactionController - Request received for all distinct states.
2023-08-11 19:38:23.491 [http-nio-8080-exec-4] INFO  c.c.c.c.TransactionController - Found 50 distinct states.
2023-08-11 19:40:07.605 [restartedMain] INFO  c.c.creditcard.CreditcardApplication - Starting CreditcardApplication using Java 17.0.7 with PID 7664 (C:\Users\Administrator\IdeaProjects\Creditcard\target\classes started by Administrator in C:\Users\Administrator\IdeaProjects\Creditcard)
2023-08-11 19:40:07.610 [restartedMain] INFO  c.c.creditcard.CreditcardApplication - No active profile set, falling back to 1 default profile: "default"
2023-08-11 19:40:07.904 [restartedMain] INFO  o.s.b.d.e.DevToolsPropertyDefaultsPostProcessor - Devtools property defaults active! Set 'spring.devtools.add-properties' to 'false' to disable
2023-08-11 19:40:07.905 [restartedMain] INFO  o.s.b.d.e.DevToolsPropertyDefaultsPostProcessor - For additional web related logging consider setting the 'logging.level.web' property to 'DEBUG'
2023-08-11 19:40:10.066 [restartedMain] INFO  o.s.d.r.c.RepositoryConfigurationDelegate - Bootstrapping Spring Data MongoDB repositories in DEFAULT mode.
2023-08-11 19:40:10.184 [restartedMain] INFO  o.s.d.r.c.RepositoryConfigurationDelegate - Finished Spring Data repository scanning in 109 ms. Found 1 MongoDB repository interfaces.
2023-08-11 19:40:11.576 [restartedMain] INFO  o.s.b.w.e.tomcat.TomcatWebServer - Tomcat initialized with port(s): 8080 (http)
2023-08-11 19:40:11.593 [restartedMain] INFO  o.a.coyote.http11.Http11NioProtocol - Initializing ProtocolHandler ["http-nio-8080"]
2023-08-11 19:40:11.601 [restartedMain] INFO  o.a.catalina.core.StandardService - Starting service [Tomcat]
2023-08-11 19:40:11.603 [restartedMain] INFO  o.a.catalina.core.StandardEngine - Starting Servlet engine: [Apache Tomcat/10.1.11]
2023-08-11 19:40:11.774 [restartedMain] INFO  o.a.c.c.C.[Tomcat].[localhost].[/] - Initializing Spring embedded WebApplicationContext
2023-08-11 19:40:11.786 [restartedMain] INFO  o.s.b.w.s.c.ServletWebServerApplicationContext - Root WebApplicationContext: initialization completed in 3870 ms
2023-08-11 19:40:12.257 [restartedMain] INFO  org.mongodb.driver.client - MongoClient with metadata {"driver": {"name": "mongo-java-driver|sync|spring-boot", "version": "4.9.1"}, "os": {"type": "Windows", "name": "Windows Server 2019", "architecture": "amd64", "version": "10.0"}, "platform": "Java/Oracle Corporation/17.0.7+8-LTS-224"} created with settings MongoClientSettings{readPreference=primary, writeConcern=WriteConcern{w=null, wTimeout=null ms, journal=null}, retryWrites=true, retryReads=true, readConcern=ReadConcern{level=null}, credential=MongoCredential{mechanism=null, userName='pratyush_motha', source='admin', password=<hidden>, mechanismProperties=<hidden>}, streamFactoryFactory=null, commandListeners=[], codecRegistry=ProvidersCodecRegistry{codecProviders=[ValueCodecProvider{}, BsonValueCodecProvider{}, DBRefCodecProvider{}, DBObjectCodecProvider{}, DocumentCodecProvider{}, CollectionCodecProvider{}, IterableCodecProvider{}, MapCodecProvider{}, GeoJsonCodecProvider{}, GridFSFileCodecProvider{}, Jsr310CodecProvider{}, JsonObjectCodecProvider{}, BsonCodecProvider{}, EnumCodecProvider{}, com.mongodb.client.model.mql.ExpressionCodecProvider@457449a5, com.mongodb.Jep395RecordCodecProvider@6db447f6]}, loggerSettings=LoggerSettings{maxDocumentLength=1000}, clusterSettings={hosts=[127.0.0.1:27017], srvHost=cluster0.irga57n.mongodb.net, srvServiceName=mongodb, mode=MULTIPLE, requiredClusterType=REPLICA_SET, requiredReplicaSetName='atlas-8y1bff-shard-0', serverSelector='null', clusterListeners='[]', serverSelectionTimeout='30000 ms', localThreshold='30000 ms'}, socketSettings=SocketSettings{connectTimeoutMS=10000, readTimeoutMS=0, receiveBufferSize=0, sendBufferSize=0}, heartbeatSocketSettings=SocketSettings{connectTimeoutMS=10000, readTimeoutMS=10000, receiveBufferSize=0, sendBufferSize=0}, connectionPoolSettings=ConnectionPoolSettings{maxSize=100, minSize=0, maxWaitTimeMS=120000, maxConnectionLifeTimeMS=0, maxConnectionIdleTimeMS=0, maintenanceInitialDelayMS=0, maintenanceFrequencyMS=60000, connectionPoolListeners=[], maxConnecting=2}, serverSettings=ServerSettings{heartbeatFrequencyMS=10000, minHeartbeatFrequencyMS=500, serverListeners='[]', serverMonitorListeners='[]'}, sslSettings=SslSettings{enabled=true, invalidHostNameAllowed=false, context=null}, applicationName='null', compressorList=[], uuidRepresentation=JAVA_LEGACY, serverApi=null, autoEncryptionSettings=null, contextProvider=null}
2023-08-11 19:40:12.344 [cluster-ClusterId{value='64d68e9cea801069d3da2a95', description='null'}-srv-cluster0.irga57n.mongodb.net] INFO  org.mongodb.driver.cluster - Adding discovered server ac-dr6gfor-shard-00-00.irga57n.mongodb.net:27017 to client view of cluster
2023-08-11 19:40:12.392 [cluster-ClusterId{value='64d68e9cea801069d3da2a95', description='null'}-srv-cluster0.irga57n.mongodb.net] INFO  org.mongodb.driver.cluster - Adding discovered server ac-dr6gfor-shard-00-01.irga57n.mongodb.net:27017 to client view of cluster
2023-08-11 19:40:12.395 [cluster-ClusterId{value='64d68e9cea801069d3da2a95', description='null'}-srv-cluster0.irga57n.mongodb.net] INFO  org.mongodb.driver.cluster - Adding discovered server ac-dr6gfor-shard-00-02.irga57n.mongodb.net:27017 to client view of cluster
2023-08-11 19:40:13.295 [restartedMain] INFO  o.s.b.d.a.OptionalLiveReloadServer - LiveReload server is running on port 35729
2023-08-11 19:40:14.354 [cluster-ClusterId{value='64d68e9cea801069d3da2a95', description='null'}-ac-dr6gfor-shard-00-02.irga57n.mongodb.net:27017] INFO  org.mongodb.driver.cluster - Monitor thread successfully connected to server with description ServerDescription{address=ac-dr6gfor-shard-00-02.irga57n.mongodb.net:27017, type=REPLICA_SET_SECONDARY, state=CONNECTED, ok=true, minWireVersion=0, maxWireVersion=17, maxDocumentSize=16777216, logicalSessionTimeoutMinutes=30, roundTripTimeNanos=764339400, setName='atlas-8y1bff-shard-0', canonicalAddress=ac-dr6gfor-shard-00-02.irga57n.mongodb.net:27017, hosts=[ac-dr6gfor-shard-00-00.irga57n.mongodb.net:27017, ac-dr6gfor-shard-00-01.irga57n.mongodb.net:27017, ac-dr6gfor-shard-00-02.irga57n.mongodb.net:27017], passives=[], arbiters=[], primary='ac-dr6gfor-shard-00-01.irga57n.mongodb.net:27017', tagSet=TagSet{[Tag{name='nodeType', value='ELECTABLE'}, Tag{name='provider', value='AWS'}, Tag{name='region', value='US_EAST_1'}, Tag{name='workloadType', value='OPERATIONAL'}]}, electionId=null, setVersion=7, topologyVersion=TopologyVersion{processId=64d6593033f92e3ef153d18c, counter=3}, lastWriteDate=Fri Aug 11 19:40:14 UTC 2023, lastUpdateTimeNanos=16127888333800}
2023-08-11 19:40:14.372 [cluster-ClusterId{value='64d68e9cea801069d3da2a95', description='null'}-ac-dr6gfor-shard-00-01.irga57n.mongodb.net:27017] INFO  org.mongodb.driver.cluster - Monitor thread successfully connected to server with description ServerDescription{address=ac-dr6gfor-shard-00-01.irga57n.mongodb.net:27017, type=REPLICA_SET_PRIMARY, state=CONNECTED, ok=true, minWireVersion=0, maxWireVersion=17, maxDocumentSize=16777216, logicalSessionTimeoutMinutes=30, roundTripTimeNanos=793812100, setName='atlas-8y1bff-shard-0', canonicalAddress=ac-dr6gfor-shard-00-01.irga57n.mongodb.net:27017, hosts=[ac-dr6gfor-shard-00-00.irga57n.mongodb.net:27017, ac-dr6gfor-shard-00-01.irga57n.mongodb.net:27017, ac-dr6gfor-shard-00-02.irga57n.mongodb.net:27017], passives=[], arbiters=[], primary='ac-dr6gfor-shard-00-01.irga57n.mongodb.net:27017', tagSet=TagSet{[Tag{name='nodeType', value='ELECTABLE'}, Tag{name='provider', value='AWS'}, Tag{name='region', value='US_EAST_1'}, Tag{name='workloadType', value='OPERATIONAL'}]}, electionId=7fffffff00000000000000b3, setVersion=7, topologyVersion=TopologyVersion{processId=64d65814fafee274e51c4bcf, counter=6}, lastWriteDate=Fri Aug 11 19:40:14 UTC 2023, lastUpdateTimeNanos=16127908004300}
2023-08-11 19:40:14.374 [cluster-ClusterId{value='64d68e9cea801069d3da2a95', description='null'}-ac-dr6gfor-shard-00-01.irga57n.mongodb.net:27017] INFO  org.mongodb.driver.cluster - Discovered replica set primary ac-dr6gfor-shard-00-01.irga57n.mongodb.net:27017 with max election id 7fffffff00000000000000b3 and max set version 7
2023-08-11 19:40:14.450 [cluster-ClusterId{value='64d68e9cea801069d3da2a95', description='null'}-ac-dr6gfor-shard-00-00.irga57n.mongodb.net:27017] INFO  org.mongodb.driver.cluster - Monitor thread successfully connected to server with description ServerDescription{address=ac-dr6gfor-shard-00-00.irga57n.mongodb.net:27017, type=REPLICA_SET_SECONDARY, state=CONNECTED, ok=true, minWireVersion=0, maxWireVersion=17, maxDocumentSize=16777216, logicalSessionTimeoutMinutes=30, roundTripTimeNanos=853192800, setName='atlas-8y1bff-shard-0', canonicalAddress=ac-dr6gfor-shard-00-00.irga57n.mongodb.net:27017, hosts=[ac-dr6gfor-shard-00-00.irga57n.mongodb.net:27017, ac-dr6gfor-shard-00-01.irga57n.mongodb.net:27017, ac-dr6gfor-shard-00-02.irga57n.mongodb.net:27017], passives=[], arbiters=[], primary='ac-dr6gfor-shard-00-01.irga57n.mongodb.net:27017', tagSet=TagSet{[Tag{name='nodeType', value='ELECTABLE'}, Tag{name='provider', value='AWS'}, Tag{name='region', value='US_EAST_1'}, Tag{name='workloadType', value='OPERATIONAL'}]}, electionId=null, setVersion=7, topologyVersion=TopologyVersion{processId=64d657048add50a13cb521a4, counter=4}, lastWriteDate=Fri Aug 11 19:40:14 UTC 2023, lastUpdateTimeNanos=16127986146500}
2023-08-11 19:40:17.104 [restartedMain] INFO  o.a.coyote.http11.Http11NioProtocol - Starting ProtocolHandler ["http-nio-8080"]
2023-08-11 19:40:17.145 [restartedMain] INFO  o.s.b.w.e.tomcat.TomcatWebServer - Tomcat started on port(s): 8080 (http) with context path ''
2023-08-11 19:40:17.173 [restartedMain] INFO  c.c.creditcard.CreditcardApplication - Started CreditcardApplication in 10.442 seconds (process running for 11.883)
2023-08-11 19:40:24.724 [http-nio-8080-exec-1] INFO  o.a.c.c.C.[Tomcat].[localhost].[/] - Initializing Spring DispatcherServlet 'dispatcherServlet'
2023-08-11 19:40:24.725 [http-nio-8080-exec-1] INFO  o.s.web.servlet.DispatcherServlet - Initializing Servlet 'dispatcherServlet'
2023-08-11 19:40:24.733 [http-nio-8080-exec-1] INFO  o.s.web.servlet.DispatcherServlet - Completed initialization in 7 ms
2023-08-11 19:40:24.819 [http-nio-8080-exec-1] INFO  c.c.c.c.TransactionController - Request received for all distinct states.
2023-08-11 19:40:27.106 [http-nio-8080-exec-1] INFO  c.c.c.c.TransactionController - Found 50 distinct states.
2023-08-11 19:40:36.274 [http-nio-8080-exec-2] INFO  c.c.c.c.TransactionController - Request received for all distinct cities.
2023-08-11 19:40:37.671 [http-nio-8080-exec-2] INFO  c.c.c.c.TransactionController - Found 727 distinct cities.
2023-08-11 19:40:39.331 [http-nio-8080-exec-3] INFO  c.c.c.c.TransactionController - Request received for all distinct cities.
2023-08-11 19:40:40.597 [http-nio-8080-exec-3] INFO  c.c.c.c.TransactionController - Found 727 distinct cities.
2023-08-11 19:40:42.021 [http-nio-8080-exec-4] INFO  c.c.c.c.TransactionController - Request received for all distinct cities.
2023-08-11 19:40:43.295 [http-nio-8080-exec-4] INFO  c.c.c.c.TransactionController - Found 727 distinct cities.
2023-08-11 19:40:46.086 [http-nio-8080-exec-5] INFO  c.c.c.c.TransactionController - Request received for all distinct cities.
2023-08-11 19:40:47.445 [http-nio-8080-exec-5] INFO  c.c.c.c.TransactionController - Found 727 distinct cities.
2023-08-11 19:40:50.043 [http-nio-8080-exec-6] INFO  c.c.c.c.TransactionController - Request received for all distinct cities.
2023-08-11 19:40:51.308 [http-nio-8080-exec-6] INFO  c.c.c.c.TransactionController - Found 727 distinct cities.
2023-08-11 19:43:00.369 [http-nio-8080-exec-9] INFO  c.c.c.c.TransactionController - Request received for all distinct cities.
2023-08-11 19:43:01.651 [http-nio-8080-exec-9] INFO  c.c.c.c.TransactionController - Found 727 distinct cities.
2023-08-11 19:43:04.424 [http-nio-8080-exec-10] INFO  c.c.c.c.TransactionController - Request received for all distinct cities.
2023-08-11 19:43:05.693 [http-nio-8080-exec-10] INFO  c.c.c.c.TransactionController - Found 727 distinct cities.
2023-08-11 19:43:07.761 [http-nio-8080-exec-1] INFO  c.c.c.c.TransactionController - Request received for all distinct cities.
2023-08-11 19:43:09.028 [http-nio-8080-exec-1] INFO  c.c.c.c.TransactionController - Found 727 distinct cities.
2023-08-11 19:43:11.284 [http-nio-8080-exec-2] INFO  c.c.c.c.TransactionController - Request received for all distinct cities.
2023-08-11 19:43:12.545 [http-nio-8080-exec-2] INFO  c.c.c.c.TransactionController - Found 727 distinct cities.
2023-08-11 19:43:21.149 [http-nio-8080-exec-3] INFO  c.c.c.c.TransactionController - Request received for all distinct states.
2023-08-11 19:43:22.066 [http-nio-8080-exec-3] INFO  c.c.c.c.TransactionController - Found 50 distinct states.
